http://e.baidu.com/ebaidu/home?refer=887
http://fanyi.baidu.com/
http://image.baidu.com/
http://image.baidu.com/i?tn=baiduimage&ps=1&ct=201326592&lm=-1&cl=2&nc=1&ie=utf-8
http://ir.baidu.com
http://map.baidu.com
http://music.taihe.com
http://news.baidu.com
http://tieba.baidu.com/
http://tieba.baidu.com/f?fr=wwwt
http://v.baidu.com/v?ct=301989888&rn=20&pn=0&db=0&s=25&ie=utf-8
http://wenku.baidu.com/search?lm=0&od=0&ie=utf-8
http://www.baidu.com/more/
http://www.beian.gov.cn/portal/registerSystemInfo?recordcode=11000002000001
http://xueshu.baidu.com/
http://zhidao.baidu.com/q?ct=17&pn=0&tn=ikaslist&rn=10&fr=wwwt
https://b2b.baidu.com/s?fr=wwwt
https://baike.baidu.com
https://beian.miit.gov.cn
https://e.baidu.com/?refer=1271
https://haokan.baidu.com/?sfrom=baidu-top
https://hectorstatic.baidu.com/cd37ed75a9387c5b.js
https://help.baidu.com
https://home.baidu.com
https://jiankang.baidu.com/widescreen/home
https://live.baidu.com/
https://map.baidu.com/?newmap=1&ie=utf-8&s=s
https://pan.baidu.com?from=1026962h
https://passport.baidu.com/v2/?login&tpl=mn&u=http%3A%2F%2Fwww.baidu.com%2F&sms=5
https://pss.bdstatic.com/r/www/cache/static/protocol/https/bundles/es6-polyfill_388d059.js
https://pss.bdstatic.com/r/www/cache/static/protocol/https/bundles/polyfill_9354efa.js
https://pss.bdstatic.com/r/www/cache/static/protocol/https/global/js/all_async_search_70e96e2.js
https://pss.bdstatic.com/static/superman/js/components/hotsearch-5af0f864cf.js
https://pss.bdstatic.com/static/superman/js/lib/esl-d776bfb1aa.js
https://pss.bdstatic.com/static/superman/js/lib/jquery-1-edb203c114.10.2.js
https://pss.bdstatic.com/static/superman/js/min_super-0c0b791c0d.js
https://pss.bdstatic.com/static/superman/js/s_super_index-3fffae8d60.js
https://pss.bdstatic.com/static/superman/js/sbase-0432cf712c.js
https://top.baidu.com/board?platform=pc&sa=pcindex_entry
https://wenku.baidu.com
https://www.baidu.com/
https://www.baidu.com/duty
https://www.baidu.com/licence/
https://www.baidu.com/s?rtt=1&bsst=1&cl=2&tn=news
https://www.baidu.com/s?wd=%E4%B8%AD%E5%A5%96100%E4%B8%87%E7%9A%8400%E5%90%8E%E5%9B%9E%E5%BA%94%E8%BA%BA%E5%B9%B3%E8%B4%A8%E7%96%91&sa=fyb_n_homepage&rsv_dl=fyb_n_homepage&from=super&cl=3&tn=baidutop10&fr=top1000&rsv_idx=2&hisfilter=1
https://www.baidu.com/s?wd=%E5%B9%BF%E5%B7%9E%E5%9C%B0%E9%93%81%E7%A6%81%E6%AD%A2%E6%81%90%E6%80%96%E5%BD%A2%E8%B1%A1%E8%BF%9B%E7%AB%99&sa=fyb_n_homepage&rsv_dl=fyb_n_homepage&from=super&cl=3&tn=baidutop10&fr=top1000&rsv_idx=2&hisfilter=1
https://www.baidu.com/s?wd=%E6%9C%89%E7%88%B1%E6%97%A0%E2%80%9C%E7%A2%8D%E2%80%9D+%E9%9D%99%E5%BE%85%E2%80%9C%E8%8A%B1%E2%80%9D%E5%BC%80&sa=fyb_n_homepage&rsv_dl=fyb_n_homepage&from=super&cl=3&tn=baidutop10&fr=top1000&rsv_idx=2&hisfilter=1
https://www.baidu.com/s?wd=%E6%B6%88%E6%81%AF%E7%A7%B0%E8%8B%B9%E6%9E%9C%E6%AD%A3%E5%BC%80%E5%8F%91%E5%8F%AF%E6%8A%98%E5%8F%A0iPad&sa=fyb_n_homepage&rsv_dl=fyb_n_homepage&from=super&cl=3&tn=baidutop10&fr=top1000&rsv_idx=2&hisfilter=1
https://www.baidu.com/s?wd=%E9%87%91%E7%A7%8B%E7%9B%B8%E9%80%A2+%E5%85%B1%E5%8F%99%E5%90%88%E4%BD%9C&sa=fyb_n_homepage&rsv_dl=fyb_n_homepage&from=super&cl=3&tn=baidutop10&fr=top1000&rsv_idx=2&hisfilter=1
https://www.baidu.com/s?wd=37%E5%B2%81%E6%80%BB%E7%BB%9F%E8%AE%BF%E5%8D%8E+%E7%AA%81%E7%84%B6%E7%81%AB%E4%BA%86&sa=fyb_n_homepage&rsv_dl=fyb_n_homepage&from=super&cl=3&tn=baidutop10&fr=top1000&rsv_idx=2&hisfilter=1
https://www.hao123.com?src=from_pc
https://zhidao.baidu.com